<?xml version="1.0" encoding="UTF-8"?>
<!-- Generated by org.testng.reporters.JUnitXMLReporter -->
<testsuite hostname="DESKTOP-1KUVF5L" ignored="0" name="TestingWebSite" tests="7" failures="0" timestamp="2020-04-10T23:38:21 CEST" time="328.103" errors="0">
  <testcase name="testWomenToSummerDresses" time="7.676" classname="test.itbootcamp.project.TestSummerDress"/>
  <testcase name="testDressesToSummerDresses" time="2.718" classname="test.itbootcamp.project.TestSummerDress"/>
  <testcase name="testSamePageForFirtsTwoTests" time="2.918" classname="test.itbootcamp.project.TestSummerDress"/>
  <testcase name="testDressesInCart" time="12.632" classname="test.itbootcamp.project.TestCartAndRegistration"/>
  <testcase name="testRegistrationAndLogIn" time="7.187" classname="test.itbootcamp.project.TestCartAndRegistration"/>
  <testcase name="testLogin" time="6.66" classname="test.itbootcamp.project.TestLogin"/>
  <testcase name="testRegisterUsers" time="245.303" classname="test.itbootcamp.project.TestRegister30Users"/>
</testsuite> <!-- TestingWebSite -->
