<?xml version="1.0" encoding="UTF-8"?>
<!-- Generated by org.testng.reporters.JUnitXMLReporter -->
<testsuite hostname="DESKTOP-1KUVF5L" ignored="0" name="Default test" tests="2" failures="0" timestamp="2020-04-10T22:58:13 CEST" time="30.794" errors="0">
  <testcase name="testDressesInCart" time="12.032" classname="test.itbootcamp.project.TestCartAndRegistration"/>
  <testcase name="testRegistrationAndLogIn" time="7.344" classname="test.itbootcamp.project.TestCartAndRegistration"/>
</testsuite> <!-- Default test -->
